{"level":"error","message":"you must add exist category","date":"10-01-2019 23:01:18"}
{"level":"error","message":"you must add exist category","date":"10-01-2019 23:01:18"}
{"level":"error","message":"you must add exist category","date":"10-01-2019 23:01:18"}
{"level":"error","message":"you must add exist category","date":"10-01-2019 23:01:18"}
{"level":"error","message":"you must add exist category","date":"10-01-2019 23:01:18"}
{"level":"error","message":"you must add exist category","date":"10-01-2019 23:01:18"}
{"level":"error","message":"you must add exist category","date":"10-01-2019 23:01:18"}
{"level":"error","message":"you must add exist category","date":"10-01-2019 23:01:18"}
{"level":"error","message":"you must add exist category","date":"10-01-2019 23:01:18"}
{"level":"error","message":"you must add exist category","date":"10-01-2019 23:01:18"}
{"level":"error","message":"you must add exist category","date":"10-01-2019 23:01:18"}
{"level":"error","message":"you must add exist category","date":"10-01-2019 23:01:18"}
{"level":"error","message":"you must add exist category","date":"10-01-2019 23:01:18"}
{"level":"error","message":"you must add exist category","date":"10-01-2019 23:01:18"}
{"level":"error","message":"you must add exist category","date":"10-01-2019 23:01:18"}
{"level":"error","message":"you must add exist category","date":"10-01-2019 23:01:18"}
{"level":"error","message":"you must add exist category","date":"10-01-2019 23:01:18"}
{"level":"error","message":"you must add exist category","date":"10-01-2019 23:01:18"}
{"level":"error","message":"you must add exist category","date":"10-01-2019 23:01:18"}
{"level":"error","message":"you must add exist category","date":"10-01-2019 23:01:18"}
{"level":"error","message":"you must add exist category","date":"10-01-2019 23:01:18"}
{"level":"error","message":"you must add exist category","date":"10-01-2019 23:01:18"}
{"level":"error","message":"you must add exist category","date":"10-01-2019 23:01:18"}
{"level":"error","message":"you must add exist category","date":"10-01-2019 23:01:18"}
{"level":"error","message":"you must add exist category","date":"10-01-2019 23:01:18"}
{"level":"error","message":"you must add exist category","date":"10-01-2019 23:01:18"}
{"level":"error","message":"you must add exist category","date":"10-01-2019 23:01:18"}
{"level":"error","message":"you must add exist category","date":"10-01-2019 23:01:18"}
{"level":"error","message":"you must add exist category","date":"10-01-2019 23:01:18"}
{"level":"error","message":"you must add exist category","date":"10-01-2019 23:01:18"}
{"level":"error","message":"you must add exist category","date":"10-01-2019 23:01:18"}
{"level":"error","message":"you must add exist category","date":"10-01-2019 23:01:18"}
{"level":"error","message":"you must add exist category","date":"10-01-2019 23:01:19"}
{"level":"error","message":"you must add exist category","date":"10-01-2019 23:01:19"}
{"level":"error","message":"you must add exist category","date":"10-01-2019 23:01:19"}
{"level":"error","message":"you must add exist category","date":"10-01-2019 23:01:19"}
{"level":"error","message":"you must add exist category","date":"10-01-2019 23:01:19"}
{"level":"error","message":"you must add exist category","date":"10-01-2019 23:01:19"}
{"level":"error","message":"you must add exist category","date":"10-01-2019 23:01:19"}
{"level":"error","message":"you must add exist category","date":"10-01-2019 23:01:19"}
{"level":"error","message":"you must add exist category","date":"10-01-2019 23:01:19"}
{"level":"error","message":"you must add exist category","date":"10-01-2019 23:01:19"}
{"level":"error","message":"you must add exist category","date":"10-01-2019 23:01:19"}
{"level":"error","message":"you must add exist category","date":"10-01-2019 23:01:19"}
{"level":"error","message":"you must add exist category","date":"10-01-2019 23:01:19"}
{"level":"error","message":"you must add exist category","date":"10-01-2019 23:01:19"}
{"level":"error","message":"you must add exist category","date":"10-01-2019 23:01:19"}
{"level":"error","message":"you must add exist category","date":"10-01-2019 23:01:19"}
{"level":"error","message":"you must add exist category","date":"10-01-2019 23:01:19"}
{"level":"error","message":"you must add exist category","date":"10-01-2019 23:01:19"}
{"level":"error","message":"you must add exist category","date":"10-01-2019 23:01:19"}
{"level":"error","message":"you must add exist category","date":"10-01-2019 23:01:19"}
{"level":"error","message":"you must add exist category","date":"10-01-2019 23:01:19"}
{"level":"error","message":"you must add exist category","date":"10-01-2019 23:01:19"}
{"level":"error","message":"you must add exist category","date":"10-01-2019 23:01:19"}
{"level":"error","message":"you must add exist category","date":"10-01-2019 23:01:19"}
{"level":"error","message":"you must add exist category","date":"10-01-2019 23:01:19"}
{"level":"error","message":"you must add exist category","date":"10-01-2019 23:01:19"}
{"level":"error","message":"you must add exist category","date":"10-01-2019 23:01:19"}
{"level":"error","message":"you must add exist category","date":"10-01-2019 23:01:19"}
{"level":"error","message":"you must add exist category","date":"10-01-2019 23:01:19"}
{"level":"error","message":"you must add exist category","date":"10-01-2019 23:01:19"}
{"level":"error","message":"you must add exist category","date":"10-01-2019 23:01:19"}
{"level":"error","message":"you must add exist category","date":"10-01-2019 23:01:19"}
{"level":"error","message":"you must add exist category","date":"10-01-2019 23:01:19"}
{"level":"error","message":"you must add exist category","date":"10-01-2019 23:01:19"}
{"level":"error","message":"you must add exist category","date":"10-01-2019 23:01:19"}
{"level":"error","message":"you must add exist category","date":"10-01-2019 23:01:19"}
{"level":"error","message":"you must add exist category","date":"10-01-2019 23:01:19"}
{"level":"error","message":"you must add exist category","date":"10-01-2019 23:01:19"}
{"level":"error","message":"you must add exist category","date":"10-01-2019 23:01:19"}
{"level":"error","message":"you must add exist category","date":"10-01-2019 23:01:19"}
{"level":"error","message":"you must add exist category","date":"10-01-2019 23:01:19"}
{"level":"error","message":"you must add exist category","date":"10-01-2019 23:01:19"}
{"level":"error","message":"you must add exist category","date":"10-01-2019 23:01:19"}
{"level":"error","message":"you must add exist category","date":"10-01-2019 23:01:19"}
{"level":"error","message":"you must add exist category","date":"10-01-2019 23:01:19"}
{"level":"error","message":"you must add exist category","date":"10-01-2019 23:01:19"}
{"level":"error","message":"you must add exist category","date":"10-01-2019 23:01:19"}
{"level":"error","message":"you must add exist category","date":"10-01-2019 23:01:19"}
{"level":"error","message":"you must add exist category","date":"10-01-2019 23:01:19"}
{"level":"error","message":"you must add exist category","date":"10-01-2019 23:01:19"}
{"level":"error","message":"you must add exist category","date":"10-01-2019 23:01:19"}
{"level":"error","message":"you must add exist category","date":"10-01-2019 23:01:19"}
{"level":"error","message":"you must add exist category","date":"10-01-2019 23:01:19"}
{"level":"error","message":"you must add exist category","date":"10-01-2019 23:01:19"}
{"level":"error","message":"you must add exist category","date":"10-01-2019 23:01:19"}
{"level":"error","message":"you must add exist category","date":"10-01-2019 23:01:19"}
{"level":"error","message":"you must add exist category","date":"10-01-2019 23:01:19"}
{"level":"error","message":"you must add exist category","date":"10-01-2019 23:01:19"}
{"level":"error","message":"you must add exist category","date":"10-01-2019 23:01:19"}
{"level":"error","message":"you must add exist category","date":"10-01-2019 23:01:19"}
{"level":"error","message":"you must add exist category","date":"10-01-2019 23:01:20"}
{"level":"error","message":"you must add exist category","date":"10-01-2019 23:01:20"}
{"level":"error","message":"you must add exist category","date":"10-01-2019 23:01:20"}
{"level":"error","message":"you must add exist category","date":"10-01-2019 23:01:20"}
{"level":"error","message":"you must add exist category","date":"10-01-2019 23:01:20"}
{"level":"error","message":"you must add exist category","date":"10-01-2019 23:01:20"}
{"level":"error","message":"you must add exist category","date":"10-01-2019 23:01:20"}
{"level":"error","message":"you must add exist category","date":"10-01-2019 23:01:20"}
{"level":"error","message":"you must add exist category","date":"10-01-2019 23:01:21"}
{"level":"error","message":"you must add exist category","date":"10-01-2019 23:01:21"}
{"level":"error","message":"you must add exist category","date":"10-01-2019 23:01:21"}
{"level":"error","message":"you must add exist category","date":"10-01-2019 23:01:21"}
{"level":"error","message":"you must add exist category","date":"10-01-2019 23:01:21"}
{"level":"error","message":"you must add exist category","date":"10-01-2019 23:01:21"}
{"level":"error","message":"you must add exist category","date":"10-01-2019 23:01:21"}
{"level":"error","message":"you must add exist category","date":"10-01-2019 23:01:21"}
{"level":"error","message":"you must add exist category","date":"10-01-2019 23:01:21"}
{"level":"error","message":"you must add exist category","date":"10-01-2019 23:01:21"}
{"level":"error","message":"you must add exist category","date":"10-01-2019 23:01:21"}
{"level":"error","message":"you must add exist category","date":"10-01-2019 23:01:21"}
{"level":"error","message":"you must add exist category","date":"10-01-2019 23:01:21"}
{"level":"error","message":"you must add exist category","date":"10-01-2019 23:01:21"}
{"level":"error","message":"you must add exist category","date":"10-01-2019 23:01:21"}
{"level":"error","message":"you must add exist category","date":"10-01-2019 23:01:21"}
{"level":"error","message":"you must add exist category","date":"10-01-2019 23:01:21"}
{"level":"error","message":"you must add exist category","date":"10-01-2019 23:01:21"}
{"level":"error","message":"you must add exist category","date":"10-01-2019 23:01:21"}
{"level":"error","message":"you must add exist category","date":"10-01-2019 23:01:21"}
{"level":"error","message":"you must add exist category","date":"10-01-2019 23:01:22"}
{"level":"error","message":"you must add exist category","date":"10-01-2019 23:01:22"}
{"level":"error","message":"you must add exist category","date":"10-01-2019 23:01:22"}
{"level":"error","message":"you must add exist category","date":"10-01-2019 23:01:22"}
{"level":"error","message":"you must add exist category","date":"10-01-2019 23:01:22"}
{"level":"error","message":"you must add exist category","date":"10-01-2019 23:01:22"}
{"level":"error","message":"you must add exist category","date":"10-01-2019 23:01:22"}
{"level":"error","message":"you must add exist category","date":"10-01-2019 23:01:22"}
{"level":"error","message":"you must add exist category","date":"10-01-2019 23:01:22"}
{"level":"error","message":"you must add exist category","date":"10-01-2019 23:01:22"}
{"level":"error","message":"you must add exist category","date":"10-01-2019 23:01:22"}
{"level":"error","message":"you must add exist category","date":"10-01-2019 23:01:22"}
{"level":"error","message":"you must add exist category","date":"10-01-2019 23:01:22"}
{"level":"error","message":"you must add exist category","date":"10-01-2019 23:01:22"}
{"level":"error","message":"you must add exist category","date":"10-01-2019 23:01:22"}
{"level":"error","message":"you must add exist category","date":"10-01-2019 23:01:22"}
{"level":"error","message":"you must add exist category","date":"10-01-2019 23:01:22"}
{"level":"error","message":"you must add exist category","date":"10-01-2019 23:01:22"}
{"level":"error","message":"you must add exist category","date":"10-01-2019 23:01:22"}
{"level":"error","message":"you must add exist category","date":"10-01-2019 23:01:22"}
{"level":"error","message":"you must add exist category","date":"10-01-2019 23:01:22"}
{"level":"error","message":"you must add exist category","date":"10-01-2019 23:01:22"}
{"level":"error","message":"you must add exist category","date":"10-01-2019 23:01:22"}
{"level":"error","message":"you must add exist category","date":"10-01-2019 23:01:22"}
{"level":"error","message":"you must add exist category","date":"10-01-2019 23:01:22"}
{"level":"error","message":"you must add exist category","date":"10-01-2019 23:01:22"}
{"level":"error","message":"you must add exist category","date":"10-01-2019 23:01:22"}
{"level":"error","message":"you must add exist category","date":"10-01-2019 23:01:22"}
{"level":"error","message":"you must add exist category","date":"10-01-2019 23:01:22"}
{"level":"error","message":"you must add exist category","date":"10-01-2019 23:01:22"}
{"level":"error","message":"you must add exist category","date":"10-01-2019 23:01:22"}
{"level":"error","message":"you must add exist category","date":"10-01-2019 23:01:22"}
{"level":"error","message":"you must add exist category","date":"10-01-2019 23:01:22"}
{"level":"error","message":"you must add exist category","date":"10-01-2019 23:01:22"}
{"level":"error","message":"you must add exist category","date":"10-01-2019 23:01:22"}
{"level":"error","message":"you must add exist category","date":"10-01-2019 23:01:22"}
{"level":"error","message":"you must add exist category","date":"10-01-2019 23:01:22"}
{"level":"error","message":"you must add exist category","date":"10-01-2019 23:01:22"}
{"level":"error","message":"you must add exist category","date":"10-01-2019 23:01:22"}
{"level":"error","message":"you must add exist category","date":"10-01-2019 23:01:22"}
{"level":"error","message":"you must add exist category","date":"10-01-2019 23:01:22"}
{"level":"error","message":"you must add exist category","date":"10-01-2019 23:01:22"}
{"level":"error","message":"you must add exist category","date":"10-01-2019 23:01:22"}
{"level":"error","message":"you must add exist category","date":"10-01-2019 23:01:22"}
{"level":"error","message":"you must add exist category","date":"10-01-2019 23:01:22"}
{"level":"error","message":"you must add exist category","date":"10-01-2019 23:01:22"}
{"level":"error","message":"you must add exist category","date":"10-01-2019 23:01:22"}
{"level":"error","message":"you must add exist category","date":"10-01-2019 23:01:22"}
{"level":"error","message":"you must add exist category","date":"10-01-2019 23:01:22"}
{"level":"error","message":"you must add exist category","date":"10-01-2019 23:01:22"}
{"level":"error","message":"you must add exist category","date":"10-01-2019 23:01:22"}
{"level":"error","message":"you must add exist category","date":"10-01-2019 23:01:22"}
{"level":"error","message":"you must add exist category","date":"10-01-2019 23:01:22"}
{"level":"error","message":"you must add exist category","date":"10-01-2019 23:01:22"}
{"level":"error","message":"you must add exist category","date":"10-01-2019 23:01:22"}
{"level":"error","message":"you must add exist category","date":"10-01-2019 23:01:22"}
{"level":"error","message":"you must add exist category","date":"10-01-2019 23:01:22"}
{"level":"error","message":"you must add exist category","date":"10-01-2019 23:01:22"}
{"level":"error","message":"you must add exist category","date":"10-01-2019 23:01:22"}
{"level":"error","message":"you must add exist category","date":"10-01-2019 23:01:22"}
{"level":"error","message":"you must add exist category","date":"10-01-2019 23:01:22"}
{"level":"error","message":"you must add exist category","date":"10-01-2019 23:01:22"}
{"level":"error","message":"you must add exist category","date":"10-01-2019 23:01:22"}
{"level":"error","message":"you must add exist category","date":"10-01-2019 23:01:22"}
{"level":"error","message":"you must add exist category","date":"10-01-2019 23:01:22"}
{"level":"error","message":"you must add exist category","date":"10-01-2019 23:01:22"}
{"level":"error","message":"you must add exist category","date":"10-01-2019 23:01:22"}
{"level":"error","message":"you must add exist category","date":"10-01-2019 23:01:22"}
{"level":"error","message":"you must add exist category","date":"10-01-2019 23:01:22"}
{"level":"error","message":"you must add exist category","date":"10-01-2019 23:01:22"}
{"level":"error","message":"you must add exist category","date":"10-01-2019 23:01:22"}
{"level":"error","message":"you must add exist category","date":"10-01-2019 23:01:22"}
{"level":"error","message":"you must add exist category","date":"10-01-2019 23:01:22"}
{"level":"error","message":"you must add exist category","date":"10-01-2019 23:01:22"}
{"level":"error","message":"you must add exist category","date":"10-01-2019 23:01:22"}
{"level":"error","message":"you must add exist category","date":"10-01-2019 23:01:22"}
{"level":"error","message":"you must add exist category","date":"10-01-2019 23:01:23"}
{"level":"error","message":"you must add exist category","date":"10-01-2019 23:01:23"}
{"level":"error","message":"you must add exist category","date":"10-01-2019 23:01:23"}
{"level":"error","message":"you must add exist category","date":"10-01-2019 23:01:23"}
{"level":"error","message":"you must add exist category","date":"10-01-2019 23:02:06"}
{"level":"error","message":"you must add exist category","date":"10-01-2019 23:02:06"}
{"level":"error","message":"you must add exist category","date":"10-01-2019 23:02:06"}
{"level":"error","message":"you must add exist category","date":"10-01-2019 23:02:06"}
{"level":"error","message":"you must add exist category","date":"10-01-2019 23:02:06"}
{"level":"error","message":"you must add exist category","date":"10-01-2019 23:02:06"}
{"level":"error","message":"you must add exist category","date":"10-01-2019 23:02:06"}
{"level":"error","message":"you must add exist category","date":"10-01-2019 23:02:06"}
{"level":"error","message":"you must add exist category","date":"10-01-2019 23:02:06"}
{"level":"error","message":"you must add exist category","date":"10-01-2019 23:02:06"}
{"level":"error","message":"you must add exist category","date":"10-01-2019 23:02:06"}
{"level":"error","message":"you must add exist category","date":"10-01-2019 23:02:06"}
{"level":"error","message":"you must add exist category","date":"10-01-2019 23:02:06"}
{"level":"error","message":"you must add exist category","date":"10-01-2019 23:02:06"}
{"level":"error","message":"you must add exist category","date":"10-01-2019 23:02:06"}
{"level":"error","message":"you must add exist category","date":"10-01-2019 23:02:06"}
{"level":"error","message":"you must add exist category","date":"10-01-2019 23:02:06"}
{"level":"error","message":"you must add exist category","date":"10-01-2019 23:02:06"}
{"level":"error","message":"you must add exist category","date":"10-01-2019 23:02:06"}
{"level":"error","message":"you must add exist category","date":"10-01-2019 23:02:06"}
{"level":"error","message":"you must add exist category","date":"10-01-2019 23:02:06"}
{"level":"error","message":"you must add exist category","date":"10-01-2019 23:02:06"}
{"level":"error","message":"you must add exist category","date":"10-01-2019 23:02:06"}
{"level":"error","message":"you must add exist category","date":"10-01-2019 23:02:06"}
{"level":"error","message":"you must add exist category","date":"10-01-2019 23:02:06"}
{"level":"error","message":"you must add exist category","date":"10-01-2019 23:02:06"}
{"level":"error","message":"you must add exist category","date":"10-01-2019 23:02:06"}
{"level":"error","message":"you must add exist category","date":"10-01-2019 23:02:06"}
{"level":"error","message":"you must add exist category","date":"10-01-2019 23:02:06"}
{"level":"error","message":"you must add exist category","date":"10-01-2019 23:02:06"}
{"level":"error","message":"you must add exist category","date":"10-01-2019 23:02:06"}
{"level":"error","message":"you must add exist category","date":"10-01-2019 23:02:06"}
{"level":"error","message":"you must add exist category","date":"10-01-2019 23:02:06"}
{"level":"error","message":"you must add exist category","date":"10-01-2019 23:02:06"}
{"level":"error","message":"you must add exist category","date":"10-01-2019 23:02:06"}
{"level":"error","message":"you must add exist category","date":"10-01-2019 23:02:06"}
{"level":"error","message":"you must add exist category","date":"10-01-2019 23:02:06"}
{"level":"error","message":"you must add exist category","date":"10-01-2019 23:02:06"}
{"level":"error","message":"you must add exist category","date":"10-01-2019 23:02:06"}
{"level":"error","message":"you must add exist category","date":"10-01-2019 23:02:06"}
{"level":"error","message":"you must add exist category","date":"10-01-2019 23:02:06"}
{"level":"error","message":"you must add exist category","date":"10-01-2019 23:02:06"}
{"level":"error","message":"you must add exist category","date":"10-01-2019 23:02:06"}
{"level":"error","message":"you must add exist category","date":"10-01-2019 23:02:06"}
{"level":"error","message":"you must add exist category","date":"10-01-2019 23:02:06"}
{"level":"error","message":"you must add exist category","date":"10-01-2019 23:02:06"}
{"level":"error","message":"you must add exist category","date":"10-01-2019 23:02:06"}
{"level":"error","message":"you must add exist category","date":"10-01-2019 23:02:06"}
{"level":"error","message":"you must add exist category","date":"10-01-2019 23:02:06"}
{"level":"error","message":"you must add exist category","date":"10-01-2019 23:02:06"}
{"level":"error","message":"you must add exist category","date":"10-01-2019 23:02:06"}
{"level":"error","message":"you must add exist category","date":"10-01-2019 23:02:06"}
{"level":"error","message":"you must add exist category","date":"10-01-2019 23:02:06"}
{"level":"error","message":"you must add exist category","date":"10-01-2019 23:02:06"}
{"level":"error","message":"you must add exist category","date":"10-01-2019 23:02:06"}
{"level":"error","message":"you must add exist category","date":"10-01-2019 23:02:06"}
{"level":"error","message":"you must add exist category","date":"10-01-2019 23:02:06"}
{"level":"error","message":"you must add exist category","date":"10-01-2019 23:02:07"}
{"level":"error","message":"you must add exist category","date":"10-01-2019 23:02:07"}
{"level":"error","message":"you must add exist category","date":"10-01-2019 23:02:07"}
{"level":"error","message":"you must add exist category","date":"10-01-2019 23:02:07"}
{"level":"error","message":"you must add exist category","date":"10-01-2019 23:02:07"}
{"level":"error","message":"you must add exist category","date":"10-01-2019 23:02:07"}
{"level":"error","message":"you must add exist category","date":"10-01-2019 23:02:07"}
{"level":"error","message":"you must add exist category","date":"10-01-2019 23:02:07"}
{"level":"error","message":"you must add exist category","date":"10-01-2019 23:02:07"}
{"level":"error","message":"you must add exist category","date":"10-01-2019 23:02:07"}
{"level":"error","message":"you must add exist category","date":"10-01-2019 23:02:07"}
{"level":"error","message":"you must add exist category","date":"10-01-2019 23:02:07"}
{"level":"error","message":"you must add exist category","date":"10-01-2019 23:02:07"}
{"level":"error","message":"you must add exist category","date":"10-01-2019 23:02:07"}
{"level":"error","message":"you must add exist category","date":"10-01-2019 23:02:07"}
{"level":"error","message":"you must add exist category","date":"10-01-2019 23:02:07"}
{"level":"error","message":"you must add exist category","date":"10-01-2019 23:02:07"}
{"level":"error","message":"you must add exist category","date":"10-01-2019 23:02:07"}
{"level":"error","message":"you must add exist category","date":"10-01-2019 23:02:07"}
{"level":"error","message":"you must add exist category","date":"10-01-2019 23:02:07"}
{"level":"error","message":"you must add exist category","date":"10-01-2019 23:02:07"}
{"level":"error","message":"you must add exist category","date":"10-01-2019 23:02:07"}
{"level":"error","message":"you must add exist category","date":"10-01-2019 23:02:07"}
{"level":"error","message":"you must add exist category","date":"10-01-2019 23:02:07"}
{"level":"error","message":"you must add exist category","date":"10-01-2019 23:02:07"}
{"level":"error","message":"you must add exist category","date":"10-01-2019 23:02:07"}
{"level":"error","message":"you must add exist category","date":"10-01-2019 23:02:07"}
{"level":"error","message":"you must add exist category","date":"10-01-2019 23:02:07"}
{"level":"error","message":"you must add exist category","date":"10-01-2019 23:02:07"}
{"level":"error","message":"you must add exist category","date":"10-01-2019 23:02:07"}
{"level":"error","message":"you must add exist category","date":"10-01-2019 23:02:07"}
{"level":"error","message":"you must add exist category","date":"10-01-2019 23:02:07"}
{"level":"error","message":"you must add exist category","date":"10-01-2019 23:02:07"}
{"level":"error","message":"you must add exist category","date":"10-01-2019 23:02:07"}
{"level":"error","message":"you must add exist category","date":"10-01-2019 23:02:07"}
{"level":"error","message":"you must add exist category","date":"10-01-2019 23:02:07"}
{"level":"error","message":"you must add exist category","date":"10-01-2019 23:02:07"}
{"level":"error","message":"you must add exist category","date":"10-01-2019 23:02:07"}
{"level":"error","message":"you must add exist category","date":"10-01-2019 23:02:07"}
{"level":"error","message":"you must add exist category","date":"10-01-2019 23:02:07"}
{"level":"error","message":"you must add exist category","date":"10-01-2019 23:02:07"}
{"level":"error","message":"you must add exist category","date":"10-01-2019 23:02:07"}
{"level":"error","message":"you must add exist category","date":"10-01-2019 23:02:07"}
{"level":"error","message":[{"message":"\"title\" length must be at least 3 characters long","path":["title"],"type":"string.min","context":{"limit":3,"value":"Iu","key":"title","label":"title"}}],"date":"11-01-2019 19:05:25"}
{"level":"error","message":[{"message":"\"title\" length must be at least 3 characters long","path":["title"],"type":"string.min","context":{"limit":3,"value":"Iu","key":"title","label":"title"}}],"date":"11-01-2019 19:09:18"}
{"level":"error","message":"you must add exist category","date":"11-01-2019 19:09:18"}
{"level":"error","message":[{"message":"\"title\" length must be at least 3 characters long","path":["title"],"type":"string.min","context":{"limit":3,"value":"Iu","key":"title","label":"title"}}],"date":"11-01-2019 19:12:23"}
{"level":"error","message":"you must add exist category","date":"11-01-2019 19:12:23"}
{"level":"error","message":[{"message":"\"title\" length must be at least 3 characters long","path":["title"],"type":"string.min","context":{"limit":3,"value":"I","key":"title","label":"title"}}],"date":"11-01-2019 19:13:50"}
{"level":"error","message":"you must add exist category","date":"11-01-2019 19:13:50"}
{"level":"error","message":[{"message":"\"title\" length must be at least 3 characters long","path":["title"],"type":"string.min","context":{"limit":3,"value":"I","key":"title","label":"title"}}],"date":"11-01-2019 19:17:48"}
{"level":"error","message":"you must add exist category","date":"11-01-2019 19:17:48"}
{"level":"error","message":[{"message":"\"title\" length must be at least 3 characters long","path":["title"],"type":"string.min","context":{"limit":3,"value":"I","key":"title","label":"title"}}],"date":"11-01-2019 19:19:03"}
{"level":"error","message":"you must add exist category","date":"11-01-2019 19:19:03"}
{"level":"error","message":[{"message":"\"title\" length must be at least 3 characters long","path":["title"],"type":"string.min","context":{"limit":3,"value":"I","key":"title","label":"title"}}],"date":"11-01-2019 19:24:27"}
{"level":"error","message":"you must add exist category","date":"11-01-2019 19:24:27"}
{"level":"error","message":[{"message":"\"title\" length must be at least 3 characters long","path":["title"],"type":"string.min","context":{"limit":3,"value":"I","key":"title","label":"title"}}],"date":"11-01-2019 19:25:31"}
{"level":"error","message":"you must add exist category","date":"11-01-2019 19:25:32"}
{"level":"error","message":[{"message":"\"title\" length must be at least 3 characters long","path":["title"],"type":"string.min","context":{"limit":3,"value":"I","key":"title","label":"title"}}],"date":"11-01-2019 19:28:09"}
{"level":"error","message":"you must add exist category","date":"11-01-2019 19:28:10"}
{"level":"error","message":[{"message":"\"title\" length must be at least 3 characters long","path":["title"],"type":"string.min","context":{"limit":3,"value":"I","key":"title","label":"title"}}],"date":"11-01-2019 19:29:43"}
{"level":"error","message":"you must add exist category","date":"11-01-2019 19:29:43"}
{"level":"error","message":"did not insert name","date":"11-01-2019 19:31:11"}
{"level":"error","message":{},"date":"11-01-2019 19:31:11"}
{"level":"error","message":[{"message":"\"title\" is required","path":["title"],"type":"any.required","context":{"key":"title","label":"title"}}],"date":"11-01-2019 19:31:11"}
{"level":"error","message":"did not insert name","date":"11-01-2019 19:31:11"}
{"level":"error","message":{},"date":"11-01-2019 19:31:11"}
{"level":"error","message":[{"message":"\"title\" is required","path":["title"],"type":"any.required","context":{"key":"title","label":"title"}}],"date":"11-01-2019 19:31:11"}
{"level":"error","message":"did not insert name","date":"11-01-2019 19:31:11"}
{"level":"error","message":{},"date":"11-01-2019 19:31:11"}
{"level":"error","message":[{"message":"\"title\" is required","path":["title"],"type":"any.required","context":{"key":"title","label":"title"}}],"date":"11-01-2019 19:31:11"}
{"level":"error","message":"did not insert name","date":"11-01-2019 19:31:11"}
{"level":"error","message":{},"date":"11-01-2019 19:31:11"}
{"level":"error","message":[{"message":"\"title\" is required","path":["title"],"type":"any.required","context":{"key":"title","label":"title"}}],"date":"11-01-2019 19:31:11"}
{"level":"error","message":"did not insert name","date":"11-01-2019 19:31:11"}
{"level":"error","message":{},"date":"11-01-2019 19:31:11"}
{"level":"error","message":[{"message":"\"title\" is required","path":["title"],"type":"any.required","context":{"key":"title","label":"title"}}],"date":"11-01-2019 19:31:11"}
{"level":"error","message":"did not insert name","date":"11-01-2019 19:31:11"}
{"level":"error","message":{},"date":"11-01-2019 19:31:11"}
{"level":"error","message":[{"message":"\"title\" is required","path":["title"],"type":"any.required","context":{"key":"title","label":"title"}}],"date":"11-01-2019 19:31:11"}
{"level":"error","message":"did not insert name","date":"11-01-2019 19:31:11"}
{"level":"error","message":{},"date":"11-01-2019 19:31:11"}
{"level":"error","message":[{"message":"\"title\" is required","path":["title"],"type":"any.required","context":{"key":"title","label":"title"}}],"date":"11-01-2019 19:31:11"}
{"level":"error","message":"did not insert name","date":"11-01-2019 19:31:11"}
{"level":"error","message":{},"date":"11-01-2019 19:31:11"}
{"level":"error","message":[{"message":"\"title\" is required","path":["title"],"type":"any.required","context":{"key":"title","label":"title"}}],"date":"11-01-2019 19:31:11"}
{"level":"error","message":"you must add exist category","date":"11-01-2019 19:31:11"}
{"level":"error","message":[{"message":"\"title\" length must be at least 3 characters long","path":["title"],"type":"string.min","context":{"limit":3,"value":"I","key":"title","label":"title"}}],"date":"11-01-2019 19:31:12"}
{"level":"error","message":"you must add exist category","date":"11-01-2019 19:31:12"}
{"level":"error","message":"did not insert name","date":"11-01-2019 19:33:07"}
{"level":"error","message":{},"date":"11-01-2019 19:33:07"}
{"level":"error","message":[{"message":"\"title\" is required","path":["title"],"type":"any.required","context":{"key":"title","label":"title"}}],"date":"11-01-2019 19:33:07"}
{"level":"error","message":"did not insert name","date":"11-01-2019 19:33:07"}
{"level":"error","message":{},"date":"11-01-2019 19:33:07"}
{"level":"error","message":[{"message":"\"title\" is required","path":["title"],"type":"any.required","context":{"key":"title","label":"title"}}],"date":"11-01-2019 19:33:07"}
{"level":"error","message":"did not insert name","date":"11-01-2019 19:33:07"}
{"level":"error","message":{},"date":"11-01-2019 19:33:07"}
{"level":"error","message":[{"message":"\"title\" is required","path":["title"],"type":"any.required","context":{"key":"title","label":"title"}}],"date":"11-01-2019 19:33:07"}
{"level":"error","message":"did not insert name","date":"11-01-2019 19:33:07"}
{"level":"error","message":{},"date":"11-01-2019 19:33:07"}
{"level":"error","message":[{"message":"\"title\" is required","path":["title"],"type":"any.required","context":{"key":"title","label":"title"}}],"date":"11-01-2019 19:33:07"}
{"level":"error","message":"did not insert name","date":"11-01-2019 19:33:08"}
{"level":"error","message":{},"date":"11-01-2019 19:33:08"}
{"level":"error","message":[{"message":"\"title\" is required","path":["title"],"type":"any.required","context":{"key":"title","label":"title"}}],"date":"11-01-2019 19:33:08"}
{"level":"error","message":"did not insert name","date":"11-01-2019 19:33:08"}
{"level":"error","message":{},"date":"11-01-2019 19:33:08"}
{"level":"error","message":[{"message":"\"title\" is required","path":["title"],"type":"any.required","context":{"key":"title","label":"title"}}],"date":"11-01-2019 19:33:08"}
{"level":"error","message":"did not insert name","date":"11-01-2019 19:33:08"}
{"level":"error","message":{},"date":"11-01-2019 19:33:08"}
{"level":"error","message":[{"message":"\"title\" is required","path":["title"],"type":"any.required","context":{"key":"title","label":"title"}}],"date":"11-01-2019 19:33:08"}
{"level":"error","message":"did not insert name","date":"11-01-2019 19:33:08"}
{"level":"error","message":{},"date":"11-01-2019 19:33:08"}
{"level":"error","message":[{"message":"\"title\" is required","path":["title"],"type":"any.required","context":{"key":"title","label":"title"}}],"date":"11-01-2019 19:33:08"}
{"level":"error","message":"you must add exist category","date":"11-01-2019 19:33:08"}
{"level":"error","message":[{"message":"\"title\" length must be at least 3 characters long","path":["title"],"type":"string.min","context":{"limit":3,"value":"I","key":"title","label":"title"}}],"date":"11-01-2019 19:33:08"}
{"level":"error","message":"you must add exist category","date":"11-01-2019 19:33:08"}
{"level":"error","message":"did not insert name","date":"11-01-2019 19:37:27"}
{"level":"error","message":{},"date":"11-01-2019 19:37:27"}
{"level":"error","message":[{"message":"\"title\" is required","path":["title"],"type":"any.required","context":{"key":"title","label":"title"}}],"date":"11-01-2019 19:37:27"}
{"level":"error","message":"did not insert name","date":"11-01-2019 19:37:27"}
{"level":"error","message":{},"date":"11-01-2019 19:37:27"}
{"level":"error","message":[{"message":"\"title\" is required","path":["title"],"type":"any.required","context":{"key":"title","label":"title"}}],"date":"11-01-2019 19:37:27"}
{"level":"error","message":"did not insert name","date":"11-01-2019 19:37:27"}
{"level":"error","message":{},"date":"11-01-2019 19:37:27"}
{"level":"error","message":[{"message":"\"title\" is required","path":["title"],"type":"any.required","context":{"key":"title","label":"title"}}],"date":"11-01-2019 19:37:27"}
{"level":"error","message":"did not insert name","date":"11-01-2019 19:37:27"}
{"level":"error","message":{},"date":"11-01-2019 19:37:27"}
{"level":"error","message":[{"message":"\"title\" is required","path":["title"],"type":"any.required","context":{"key":"title","label":"title"}}],"date":"11-01-2019 19:37:27"}
{"level":"error","message":"did not insert name","date":"11-01-2019 19:37:27"}
{"level":"error","message":{},"date":"11-01-2019 19:37:27"}
{"level":"error","message":[{"message":"\"title\" is required","path":["title"],"type":"any.required","context":{"key":"title","label":"title"}}],"date":"11-01-2019 19:37:27"}
{"level":"error","message":"did not insert name","date":"11-01-2019 19:37:27"}
{"level":"error","message":{},"date":"11-01-2019 19:37:27"}
{"level":"error","message":[{"message":"\"title\" is required","path":["title"],"type":"any.required","context":{"key":"title","label":"title"}}],"date":"11-01-2019 19:37:27"}
{"level":"error","message":"did not insert name","date":"11-01-2019 19:37:27"}
{"level":"error","message":{},"date":"11-01-2019 19:37:27"}
{"level":"error","message":[{"message":"\"title\" is required","path":["title"],"type":"any.required","context":{"key":"title","label":"title"}}],"date":"11-01-2019 19:37:27"}
{"level":"error","message":"did not insert name","date":"11-01-2019 19:37:27"}
{"level":"error","message":{},"date":"11-01-2019 19:37:27"}
{"level":"error","message":[{"message":"\"title\" is required","path":["title"],"type":"any.required","context":{"key":"title","label":"title"}}],"date":"11-01-2019 19:37:27"}
{"level":"error","message":"you must add exist category","date":"11-01-2019 19:37:27"}
{"level":"error","message":[{"message":"\"title\" length must be at least 3 characters long","path":["title"],"type":"string.min","context":{"limit":3,"value":"I","key":"title","label":"title"}}],"date":"11-01-2019 19:37:28"}
{"level":"error","message":"you must add exist category","date":"11-01-2019 19:37:28"}
{"level":"error","message":"did not insert name","date":"11-01-2019 19:39:06"}
{"level":"error","message":{},"date":"11-01-2019 19:39:06"}
{"level":"error","message":[{"message":"\"title\" is required","path":["title"],"type":"any.required","context":{"key":"title","label":"title"}}],"date":"11-01-2019 19:39:06"}
{"level":"error","message":"did not insert name","date":"11-01-2019 19:39:06"}
{"level":"error","message":{},"date":"11-01-2019 19:39:06"}
{"level":"error","message":[{"message":"\"title\" is required","path":["title"],"type":"any.required","context":{"key":"title","label":"title"}}],"date":"11-01-2019 19:39:06"}
{"level":"error","message":"did not insert name","date":"11-01-2019 19:39:06"}
{"level":"error","message":{},"date":"11-01-2019 19:39:06"}
{"level":"error","message":[{"message":"\"title\" is required","path":["title"],"type":"any.required","context":{"key":"title","label":"title"}}],"date":"11-01-2019 19:39:06"}
{"level":"error","message":"did not insert name","date":"11-01-2019 19:39:06"}
{"level":"error","message":{},"date":"11-01-2019 19:39:06"}
{"level":"error","message":[{"message":"\"title\" is required","path":["title"],"type":"any.required","context":{"key":"title","label":"title"}}],"date":"11-01-2019 19:39:06"}
{"level":"error","message":"did not insert name","date":"11-01-2019 19:39:06"}
{"level":"error","message":{},"date":"11-01-2019 19:39:06"}
{"level":"error","message":[{"message":"\"title\" is required","path":["title"],"type":"any.required","context":{"key":"title","label":"title"}}],"date":"11-01-2019 19:39:06"}
{"level":"error","message":"did not insert name","date":"11-01-2019 19:39:06"}
{"level":"error","message":{},"date":"11-01-2019 19:39:06"}
{"level":"error","message":[{"message":"\"title\" is required","path":["title"],"type":"any.required","context":{"key":"title","label":"title"}}],"date":"11-01-2019 19:39:06"}
{"level":"error","message":"did not insert name","date":"11-01-2019 19:39:06"}
{"level":"error","message":{},"date":"11-01-2019 19:39:06"}
{"level":"error","message":[{"message":"\"title\" is required","path":["title"],"type":"any.required","context":{"key":"title","label":"title"}}],"date":"11-01-2019 19:39:06"}
{"level":"error","message":"did not insert name","date":"11-01-2019 19:39:06"}
{"level":"error","message":{},"date":"11-01-2019 19:39:06"}
{"level":"error","message":[{"message":"\"title\" is required","path":["title"],"type":"any.required","context":{"key":"title","label":"title"}}],"date":"11-01-2019 19:39:06"}
{"level":"error","message":"you must add exist category","date":"11-01-2019 19:39:06"}
{"level":"error","message":[{"message":"\"title\" length must be at least 3 characters long","path":["title"],"type":"string.min","context":{"limit":3,"value":"I","key":"title","label":"title"}}],"date":"11-01-2019 19:39:07"}
{"level":"error","message":"you must add exist category","date":"11-01-2019 19:39:07"}
{"level":"error","message":[{"message":"\"title\" length must be at least 3 characters long","path":["title"],"type":"string.min","context":{"limit":3,"value":"I","key":"title","label":"title"}}],"date":"11-01-2019 19:44:24"}
{"level":"error","message":"you must add exist category","date":"11-01-2019 19:44:24"}
{"level":"error","message":"did not insert name","date":"11-01-2019 19:44:59"}
{"level":"error","message":{},"date":"11-01-2019 19:44:59"}
{"level":"error","message":[{"message":"\"title\" is required","path":["title"],"type":"any.required","context":{"key":"title","label":"title"}}],"date":"11-01-2019 19:44:59"}
{"level":"error","message":"did not insert name","date":"11-01-2019 19:44:59"}
{"level":"error","message":{},"date":"11-01-2019 19:44:59"}
{"level":"error","message":[{"message":"\"title\" is required","path":["title"],"type":"any.required","context":{"key":"title","label":"title"}}],"date":"11-01-2019 19:44:59"}
{"level":"error","message":"did not insert name","date":"11-01-2019 19:44:59"}
{"level":"error","message":{},"date":"11-01-2019 19:44:59"}
{"level":"error","message":[{"message":"\"title\" is required","path":["title"],"type":"any.required","context":{"key":"title","label":"title"}}],"date":"11-01-2019 19:44:59"}
{"level":"error","message":"did not insert name","date":"11-01-2019 19:44:59"}
{"level":"error","message":{},"date":"11-01-2019 19:44:59"}
{"level":"error","message":[{"message":"\"title\" is required","path":["title"],"type":"any.required","context":{"key":"title","label":"title"}}],"date":"11-01-2019 19:44:59"}
{"level":"error","message":"did not insert name","date":"11-01-2019 19:44:59"}
{"level":"error","message":{},"date":"11-01-2019 19:44:59"}
{"level":"error","message":[{"message":"\"title\" is required","path":["title"],"type":"any.required","context":{"key":"title","label":"title"}}],"date":"11-01-2019 19:44:59"}
{"level":"error","message":"did not insert name","date":"11-01-2019 19:44:59"}
{"level":"error","message":{},"date":"11-01-2019 19:44:59"}
{"level":"error","message":[{"message":"\"title\" is required","path":["title"],"type":"any.required","context":{"key":"title","label":"title"}}],"date":"11-01-2019 19:44:59"}
{"level":"error","message":"did not insert name","date":"11-01-2019 19:44:59"}
{"level":"error","message":{},"date":"11-01-2019 19:44:59"}
{"level":"error","message":[{"message":"\"title\" is required","path":["title"],"type":"any.required","context":{"key":"title","label":"title"}}],"date":"11-01-2019 19:44:59"}
{"level":"error","message":"did not insert name","date":"11-01-2019 19:44:59"}
{"level":"error","message":{},"date":"11-01-2019 19:44:59"}
{"level":"error","message":[{"message":"\"title\" is required","path":["title"],"type":"any.required","context":{"key":"title","label":"title"}}],"date":"11-01-2019 19:44:59"}
{"level":"error","message":"you must add exist category","date":"11-01-2019 19:44:59"}
{"level":"error","message":[{"message":"\"title\" length must be at least 3 characters long","path":["title"],"type":"string.min","context":{"limit":3,"value":"I","key":"title","label":"title"}}],"date":"11-01-2019 19:45:00"}
{"level":"error","message":"you must add exist category","date":"11-01-2019 19:45:00"}
{"level":"error","message":[{"message":"\"name\" length must be at least 5 characters long","path":["name"],"type":"string.min","context":{"limit":5,"value":"Jul","key":"name","label":"name"}}],"date":"11-01-2019 19:46:50"}
{"level":"error","message":[{"message":"\"title\" length must be at least 3 characters long","path":["title"],"type":"string.min","context":{"limit":3,"value":"I","key":"title","label":"title"}}],"date":"11-01-2019 19:46:50"}
{"level":"error","message":"you must add exist category","date":"11-01-2019 19:46:50"}
{"level":"error","message":[{"message":"\"name\" length must be at least 5 characters long","path":["name"],"type":"string.min","context":{"limit":5,"value":"Jul","key":"name","label":"name"}}],"date":"11-01-2019 19:47:53"}
{"level":"error","message":[{"message":"\"title\" length must be at least 3 characters long","path":["title"],"type":"string.min","context":{"limit":3,"value":"I","key":"title","label":"title"}}],"date":"11-01-2019 19:47:54"}
{"level":"error","message":"you must add exist category","date":"11-01-2019 19:47:54"}
{"level":"error","message":"did not insert name","date":"11-01-2019 19:49:24"}
{"level":"error","message":{},"date":"11-01-2019 19:49:24"}
{"level":"error","message":[{"message":"\"title\" is required","path":["title"],"type":"any.required","context":{"key":"title","label":"title"}}],"date":"11-01-2019 19:49:24"}
{"level":"error","message":"did not insert name","date":"11-01-2019 19:49:24"}
{"level":"error","message":{},"date":"11-01-2019 19:49:24"}
{"level":"error","message":[{"message":"\"title\" is required","path":["title"],"type":"any.required","context":{"key":"title","label":"title"}}],"date":"11-01-2019 19:49:24"}
{"level":"error","message":"did not insert name","date":"11-01-2019 19:49:24"}
{"level":"error","message":{},"date":"11-01-2019 19:49:24"}
{"level":"error","message":[{"message":"\"title\" is required","path":["title"],"type":"any.required","context":{"key":"title","label":"title"}}],"date":"11-01-2019 19:49:24"}
{"level":"error","message":"did not insert name","date":"11-01-2019 19:49:24"}
{"level":"error","message":{},"date":"11-01-2019 19:49:24"}
{"level":"error","message":[{"message":"\"title\" is required","path":["title"],"type":"any.required","context":{"key":"title","label":"title"}}],"date":"11-01-2019 19:49:24"}
{"level":"error","message":"did not insert name","date":"11-01-2019 19:49:24"}
{"level":"error","message":{},"date":"11-01-2019 19:49:24"}
{"level":"error","message":[{"message":"\"title\" is required","path":["title"],"type":"any.required","context":{"key":"title","label":"title"}}],"date":"11-01-2019 19:49:24"}
{"level":"error","message":"did not insert name","date":"11-01-2019 19:49:24"}
{"level":"error","message":{},"date":"11-01-2019 19:49:24"}
{"level":"error","message":[{"message":"\"title\" is required","path":["title"],"type":"any.required","context":{"key":"title","label":"title"}}],"date":"11-01-2019 19:49:24"}
{"level":"error","message":"did not insert name","date":"11-01-2019 19:49:24"}
{"level":"error","message":{},"date":"11-01-2019 19:49:24"}
{"level":"error","message":[{"message":"\"title\" is required","path":["title"],"type":"any.required","context":{"key":"title","label":"title"}}],"date":"11-01-2019 19:49:24"}
{"level":"error","message":"did not insert name","date":"11-01-2019 19:49:24"}
{"level":"error","message":{},"date":"11-01-2019 19:49:24"}
{"level":"error","message":[{"message":"\"title\" is required","path":["title"],"type":"any.required","context":{"key":"title","label":"title"}}],"date":"11-01-2019 19:49:24"}
{"level":"error","message":"you must add exist category","date":"11-01-2019 19:49:24"}
{"level":"error","message":[{"message":"\"title\" length must be at least 3 characters long","path":["title"],"type":"string.min","context":{"limit":3,"value":"I","key":"title","label":"title"}}],"date":"11-01-2019 19:49:25"}
{"level":"error","message":"you must add exist category","date":"11-01-2019 19:49:25"}
{"level":"error","message":[{"message":"\"name\" length must be at least 5 characters long","path":["name"],"type":"string.min","context":{"limit":5,"value":"Jul","key":"name","label":"name"}}],"date":"11-01-2019 19:49:29"}
{"level":"error","message":[{"message":"\"title\" length must be at least 3 characters long","path":["title"],"type":"string.min","context":{"limit":3,"value":"I","key":"title","label":"title"}}],"date":"11-01-2019 19:49:29"}
{"level":"error","message":"you must add exist category","date":"11-01-2019 19:49:29"}
